ShimmerBroadcastReceiverExampleActivity/build/outputs/logs/manifest-merger-debug-report.txt
-- Merging decision tree log ---
manifest
ADDED from Shimmer_Java_Android_API_v2.10/ShimmerBroadcastReceiverExampleActivity/AndroidManifest.xml:2:1-28:12
	xmlns:android
		ADDED from Shimmer_Java_Android_API_v2.10/ShimmerBroadcastReceiverExampleActivity/AndroidManifest.xml:2:11-69
	package
		ADDED from Shimmer_Java_Android_API_v2.10/ShimmerBroadcastReceiverExampleActivity/AndroidManifest.xml:3:5-52
	android:versionName
		ADDED from Shimmer_Java_Android_API_v2.10/ShimmerBroadcastReceiverExampleActivity/AndroidManifest.xml:5:5-30
	android:versionCode
		ADDED from Shimmer_Java_Android_API_v2.10/ShimmerBroadcastReceiverExampleActivity/AndroidManifest.xml:4:5-28
		INJECTED from Shimmer_Java_Android_API_v2.10/ShimmerBroadcastReceiverExampleActivity/AndroidManifest.xml
		INJECTED from Shimmer_Java_Android_API_v2.10/ShimmerBroadcastReceiverExampleActivity/AndroidManifest.xml
uses-sdk
ADDED from Shimmer_Java_Android_API_v2.10/ShimmerBroadcastReceiverExampleActivity/AndroidManifest.xml:7:5-73
	android:targetSdkVersion
		ADDED from Shimmer_Java_Android_API_v2.10/ShimmerBroadcastReceiverExampleActivity/AndroidManifest.xml:7:42-71
	android:minSdkVersion
		ADDED from Shimmer_Java_Android_API_v2.10/ShimmerBroadcastReceiverExampleActivity/AndroidManifest.xml:7:15-41
application
ADDED from Shimmer_Java_Android_API_v2.10/ShimmerBroadcastReceiverExampleActivity/AndroidManifest.xml:9:5-26:19
	android:label
		ADDED from Shimmer_Java_Android_API_v2.10/ShimmerBroadcastReceiverExampleActivity/AndroidManifest.xml:11:9-41
activity#com.shimmerresearch.broadcastreceiver.ShimmerReceiverExampleActivity
ADDED from Shimmer_Java_Android_API_v2.10/ShimmerBroadcastReceiverExampleActivity/AndroidManifest.xml:12:9-20:20
	android:label
		ADDED from Shimmer_Java_Android_API_v2.10/ShimmerBroadcastReceiverExampleActivity/AndroidManifest.xml:14:13-45
	android:name
		ADDED from Shimmer_Java_Android_API_v2.10/ShimmerBroadcastReceiverExampleActivity/AndroidManifest.xml:13:13-59
intent-filter#android.intent.action.MAIN+android.intent.category.LAUNCHER
ADDED from Shimmer_Java_Android_API_v2.10/ShimmerBroadcastReceiverExampleActivity/AndroidManifest.xml:15:13-19:29
action#android.intent.action.MAIN
ADDED from Shimmer_Java_Android_API_v2.10/ShimmerBroadcastReceiverExampleActivity/AndroidManifest.xml:16:17-69
	android:name
		ADDED from Shimmer_Java_Android_API_v2.10/ShimmerBroadcastReceiverExampleActivity/AndroidManifest.xml:16:25-66
category#android.intent.category.LAUNCHER
ADDED from Shimmer_Java_Android_API_v2.10/ShimmerBroadcastReceiverExampleActivity/AndroidManifest.xml:18:17-77
	android:name
		ADDED from Shimmer_Java_Android_API_v2.10/ShimmerBroadcastReceiverExampleActivity/AndroidManifest.xml:18:27-74
receiver#com.shimmerresearch.broadcastreceiver.myReceiver
ADDED from Shimmer_Java_Android_API_v2.10/ShimmerBroadcastReceiverExampleActivity/AndroidManifest.xml:21:9-25:20
	android:name
		ADDED from Shimmer_Java_Android_API_v2.10/ShimmerBroadcastReceiverExampleActivity/AndroidManifest.xml:21:19-45
intent-filter#my.shimmer
ADDED from Shimmer_Java_Android_API_v2.10/ShimmerBroadcastReceiverExampleActivity/AndroidManifest.xml:22:13-24:29
action#my.shimmer
ADDED from Shimmer_Java_Android_API_v2.10/ShimmerBroadcastReceiverExampleActivity/AndroidManifest.xml:23:17-53
	android:name
		ADDED from Shimmer_Java_Android_API_v2.10/ShimmerBroadcastReceiverExampleActivity/AndroidManifest.xml:23:25-50